Case #1: 0 230
Case #2: 58 356
Case #3: 0 0
Case #4: 978 20
Case #5: 535 6
Case #6: 856 856
Case #7: 846 58
Case #8: 991 56
Case #9: 338 297
Case #10: 984 37
Case #11: 849 17
Case #12: 223 0
Case #13: 140 0
Case #14: 974 18
Case #15: 55 0
Case #16: 968 40
Case #17: 144 59
Case #18: 917 35
Case #19: 0 0
Case #20: 41 0
Case #21: 391 20
Case #22: 962 6
Case #23: 277 4
Case #24: 416 2
Case #25: 204 9
Case #26: 0 0
Case #27: 989 26
Case #28: 802 40
Case #29: 69 14
Case #30: 980 14
Case #31: 324 19
Case #32: 598 5
Case #33: 486 39
Case #34: 958 22
Case #35: 5 0
Case #36: 0 0
Case #37: 1000 1000
Case #38: 979 36
Case #39: 32 0
Case #40: 997 71
Case #41: 988 58
Case #42: 836 19
Case #43: 0 0
Case #44: 189 8
Case #45: 715 19
Case #46: 446 10
Case #47: 968 28
Case #48: 0 0
Case #49: 754 29
Case #50: 959 6
